<?xml version="1.0" encoding="UTF-8"?>
<testng-results skipped="0" failed="0" total="1" passed="1">
  <reporter-output>
  </reporter-output>
  <suite name="Suite" duration-ms="12121" started-at="2021-09-26T11:11:32Z" finished-at="2021-09-26T11:11:44Z">
    <groups>
    </groups>
    <test name="Test" duration-ms="12121" started-at="2021-09-26T11:11:32Z" finished-at="2021-09-26T11:11:44Z">
      <class name="Test.TestCase">
        <test-method status="PASS" signature="setUp()[pri:0, instance:Test.TestCase@27efef64]" name="setUp" is-config="true" duration-ms="2073" started-at="2021-09-26T16:41:32Z" finished-at="2021-09-26T16:41:34Z">
          <reporter-output>
          </reporter-output>
        </test-method> <!-- setUp -->
        <test-method status="PASS" signature="getTitle()[pri:0, instance:Test.TestCase@27efef64]" name="getTitle" duration-ms="9926" started-at="2021-09-26T16:41:34Z" finished-at="2021-09-26T16:41:44Z">
          <reporter-output>
          </reporter-output>
        </test-method> <!-- getTitle -->
        <test-method status="PASS" signature="tearDown()[pri:0, instance:Test.TestCase@27efef64]" name="tearDown" is-config="true" duration-ms="99" started-at="2021-09-26T16:41:44Z" finished-at="2021-09-26T16:41:44Z">
          <reporter-output>
          </reporter-output>
        </test-method> <!-- tearDown -->
      </class> <!-- Test.TestCase -->
    </test> <!-- Test -->
  </suite> <!-- Suite -->
</testng-results>
